mode: set
24-Testing-Simple-Web-App/cmd/api/api-handlers.go:15.54,17.43 2 1
24-Testing-Simple-Web-App/cmd/api/api-handlers.go:17.43,20.3 2 1
24-Testing-Simple-Web-App/cmd/api/api-handlers.go:22.2,23.16 2 1
24-Testing-Simple-Web-App/cmd/api/api-handlers.go:23.16,26.3 2 1
24-Testing-Simple-Web-App/cmd/api/api-handlers.go:28.2,29.16 2 1
24-Testing-Simple-Web-App/cmd/api/api-handlers.go:29.16,32.3 2 0
24-Testing-Simple-Web-App/cmd/api/api-handlers.go:34.2,35.16 2 1
24-Testing-Simple-Web-App/cmd/api/api-handlers.go:35.16,38.3 2 0
24-Testing-Simple-Web-App/cmd/api/api-handlers.go:40.2,40.57 1 1
24-Testing-Simple-Web-App/cmd/api/api-handlers.go:43.50,45.2 0 0
24-Testing-Simple-Web-App/cmd/api/api-handlers.go:47.51,49.2 0 0
24-Testing-Simple-Web-App/cmd/api/api-handlers.go:51.50,53.2 0 0
24-Testing-Simple-Web-App/cmd/api/api-handlers.go:55.53,57.2 0 0
24-Testing-Simple-Web-App/cmd/api/api-handlers.go:59.53,61.2 0 0
24-Testing-Simple-Web-App/cmd/api/api-handlers.go:63.53,65.2 0 0
24-Testing-Simple-Web-App/cmd/api/auth.go:29.118,39.22 3 1
24-Testing-Simple-Web-App/cmd/api/auth.go:39.22,41.3 1 1
24-Testing-Simple-Web-App/cmd/api/auth.go:44.2,45.27 2 1
24-Testing-Simple-Web-App/cmd/api/auth.go:45.27,47.3 1 1
24-Testing-Simple-Web-App/cmd/api/auth.go:50.2,50.32 1 1
24-Testing-Simple-Web-App/cmd/api/auth.go:50.32,52.3 1 1
24-Testing-Simple-Web-App/cmd/api/auth.go:54.2,60.91 3 1
24-Testing-Simple-Web-App/cmd/api/auth.go:60.91,62.58 1 1
24-Testing-Simple-Web-App/cmd/api/auth.go:62.58,64.4 1 0
24-Testing-Simple-Web-App/cmd/api/auth.go:65.3,65.36 1 1
24-Testing-Simple-Web-App/cmd/api/auth.go:69.2,69.16 1 1
24-Testing-Simple-Web-App/cmd/api/auth.go:69.16,70.60 1 1
24-Testing-Simple-Web-App/cmd/api/auth.go:70.60,72.4 1 0
24-Testing-Simple-Web-App/cmd/api/auth.go:73.3,73.22 1 1
24-Testing-Simple-Web-App/cmd/api/auth.go:77.2,77.33 1 1
24-Testing-Simple-Web-App/cmd/api/auth.go:77.33,79.3 1 1
24-Testing-Simple-Web-App/cmd/api/auth.go:82.2,82.27 1 1
24-Testing-Simple-Web-App/cmd/api/auth.go:84.81,93.23 7 1
24-Testing-Simple-Web-App/cmd/api/auth.go:93.23,95.3 1 1
24-Testing-Simple-Web-App/cmd/api/auth.go:95.8,97.3 1 1
24-Testing-Simple-Web-App/cmd/api/auth.go:99.2,102.16 3 1
24-Testing-Simple-Web-App/cmd/api/auth.go:102.16,104.3 1 0
24-Testing-Simple-Web-App/cmd/api/auth.go:107.2,116.16 6 1
24-Testing-Simple-Web-App/cmd/api/auth.go:116.16,118.3 1 0
24-Testing-Simple-Web-App/cmd/api/auth.go:120.2,125.24 2 1
24-Testing-Simple-Web-App/cmd/api/db.go:12.42,14.16 2 0
24-Testing-Simple-Web-App/cmd/api/db.go:14.16,16.3 1 0
24-Testing-Simple-Web-App/cmd/api/db.go:18.2,19.16 2 0
24-Testing-Simple-Web-App/cmd/api/db.go:19.16,21.3 1 0
24-Testing-Simple-Web-App/cmd/api/db.go:23.2,23.16 1 0
24-Testing-Simple-Web-App/cmd/api/db.go:26.56,29.16 2 0
24-Testing-Simple-Web-App/cmd/api/db.go:29.16,31.3 1 0
24-Testing-Simple-Web-App/cmd/api/db.go:33.2,35.24 2 0
24-Testing-Simple-Web-App/cmd/api/main.go:24.13,36.16 9 0
24-Testing-Simple-Web-App/cmd/api/main.go:36.16,38.3 1 0
24-Testing-Simple-Web-App/cmd/api/main.go:40.2,40.27 1 0
24-Testing-Simple-Web-App/cmd/api/main.go:40.27,42.17 2 0
24-Testing-Simple-Web-App/cmd/api/main.go:42.17,44.4 1 0
24-Testing-Simple-Web-App/cmd/api/main.go:47.2,55.14 3 0
24-Testing-Simple-Web-App/cmd/api/routes.go:9.47,16.40 5 0
24-Testing-Simple-Web-App/cmd/api/routes.go:16.40,20.3 1 0
24-Testing-Simple-Web-App/cmd/api/routes.go:21.2,22.2 2 0
24-Testing-Simple-Web-App/cmd/api/routes.go:22.2,28.3 5 0
24-Testing-Simple-Web-App/cmd/api/routes.go:29.2,30.16 2 0
24-Testing-Simple-Web-App/cmd/api/routes.go:30.16,32.3 1 0
24-Testing-Simple-Web-App/cmd/api/routes.go:34.2,34.12 1 0
