mode: set
24-Testing-Simple-Web-App/cmd/api/api-handlers.go:24.78,29.16 3 1
24-Testing-Simple-Web-App/cmd/api/api-handlers.go:29.16,32.3 2 1
24-Testing-Simple-Web-App/cmd/api/api-handlers.go:35.2,36.16 2 1
24-Testing-Simple-Web-App/cmd/api/api-handlers.go:36.16,39.3 2 1
24-Testing-Simple-Web-App/cmd/api/api-handlers.go:42.2,43.16 2 1
24-Testing-Simple-Web-App/cmd/api/api-handlers.go:43.16,46.3 2 1
24-Testing-Simple-Web-App/cmd/api/api-handlers.go:49.2,50.16 2 1
24-Testing-Simple-Web-App/cmd/api/api-handlers.go:50.16,53.3 2 0
24-Testing-Simple-Web-App/cmd/api/api-handlers.go:55.2,68.49 2 1
24-Testing-Simple-Web-App/cmd/api/api-handlers.go:77.73,79.16 2 1
24-Testing-Simple-Web-App/cmd/api/api-handlers.go:79.16,82.3 2 0
24-Testing-Simple-Web-App/cmd/api/api-handlers.go:84.2,87.97 3 1
24-Testing-Simple-Web-App/cmd/api/api-handlers.go:87.97,89.3 1 1
24-Testing-Simple-Web-App/cmd/api/api-handlers.go:91.2,91.16 1 1
24-Testing-Simple-Web-App/cmd/api/api-handlers.go:91.16,94.3 2 1
24-Testing-Simple-Web-App/cmd/api/api-handlers.go:96.2,96.76 1 1
24-Testing-Simple-Web-App/cmd/api/api-handlers.go:96.76,99.3 2 1
24-Testing-Simple-Web-App/cmd/api/api-handlers.go:102.2,103.16 2 1
24-Testing-Simple-Web-App/cmd/api/api-handlers.go:103.16,106.3 2 0
24-Testing-Simple-Web-App/cmd/api/api-handlers.go:108.2,109.16 2 1
24-Testing-Simple-Web-App/cmd/api/api-handlers.go:109.16,112.3 2 0
24-Testing-Simple-Web-App/cmd/api/api-handlers.go:114.2,115.16 2 1
24-Testing-Simple-Web-App/cmd/api/api-handlers.go:115.16,118.3 2 0
24-Testing-Simple-Web-App/cmd/api/api-handlers.go:120.2,132.49 2 1
24-Testing-Simple-Web-App/cmd/api/api-handlers.go:135.84,136.37 1 0
24-Testing-Simple-Web-App/cmd/api/api-handlers.go:136.37,137.43 1 0
24-Testing-Simple-Web-App/cmd/api/api-handlers.go:137.43,140.100 3 0
24-Testing-Simple-Web-App/cmd/api/api-handlers.go:140.100,142.5 1 0
24-Testing-Simple-Web-App/cmd/api/api-handlers.go:144.4,144.18 1 0
24-Testing-Simple-Web-App/cmd/api/api-handlers.go:144.18,147.5 2 0
24-Testing-Simple-Web-App/cmd/api/api-handlers.go:155.4,156.18 2 0
24-Testing-Simple-Web-App/cmd/api/api-handlers.go:156.18,159.5 2 0
24-Testing-Simple-Web-App/cmd/api/api-handlers.go:161.4,162.18 2 0
24-Testing-Simple-Web-App/cmd/api/api-handlers.go:162.18,165.5 2 0
24-Testing-Simple-Web-App/cmd/api/api-handlers.go:167.4,168.18 2 0
24-Testing-Simple-Web-App/cmd/api/api-handlers.go:168.18,171.5 2 0
24-Testing-Simple-Web-App/cmd/api/api-handlers.go:173.4,186.10 3 0
24-Testing-Simple-Web-App/cmd/api/api-handlers.go:189.2,189.71 1 0
24-Testing-Simple-Web-App/cmd/api/api-handlers.go:193.74,195.16 2 1
24-Testing-Simple-Web-App/cmd/api/api-handlers.go:195.16,198.3 2 0
24-Testing-Simple-Web-App/cmd/api/api-handlers.go:200.2,200.44 1 1
24-Testing-Simple-Web-App/cmd/api/api-handlers.go:204.73,206.16 2 1
24-Testing-Simple-Web-App/cmd/api/api-handlers.go:206.16,209.3 2 1
24-Testing-Simple-Web-App/cmd/api/api-handlers.go:211.2,212.16 2 1
24-Testing-Simple-Web-App/cmd/api/api-handlers.go:212.16,215.3 2 1
24-Testing-Simple-Web-App/cmd/api/api-handlers.go:217.2,217.43 1 1
24-Testing-Simple-Web-App/cmd/api/api-handlers.go:221.76,224.16 3 1
24-Testing-Simple-Web-App/cmd/api/api-handlers.go:224.16,227.3 2 1
24-Testing-Simple-Web-App/cmd/api/api-handlers.go:229.2,230.16 2 1
24-Testing-Simple-Web-App/cmd/api/api-handlers.go:230.16,233.3 2 1
24-Testing-Simple-Web-App/cmd/api/api-handlers.go:235.2,235.37 1 1
24-Testing-Simple-Web-App/cmd/api/api-handlers.go:239.76,241.16 2 1
24-Testing-Simple-Web-App/cmd/api/api-handlers.go:241.16,244.3 2 1
24-Testing-Simple-Web-App/cmd/api/api-handlers.go:246.2,247.16 2 1
24-Testing-Simple-Web-App/cmd/api/api-handlers.go:247.16,250.3 2 0
24-Testing-Simple-Web-App/cmd/api/api-handlers.go:252.2,252.37 1 1
24-Testing-Simple-Web-App/cmd/api/api-handlers.go:256.76,259.16 3 1
24-Testing-Simple-Web-App/cmd/api/api-handlers.go:259.16,262.3 2 1
24-Testing-Simple-Web-App/cmd/api/api-handlers.go:264.2,265.16 2 1
24-Testing-Simple-Web-App/cmd/api/api-handlers.go:265.16,268.3 2 0
24-Testing-Simple-Web-App/cmd/api/api-handlers.go:270.2,270.37 1 1
24-Testing-Simple-Web-App/cmd/api/api-middleware.go:5.68,6.71 1 1
24-Testing-Simple-Web-App/cmd/api/api-middleware.go:6.71,8.28 2 1
24-Testing-Simple-Web-App/cmd/api/api-middleware.go:8.28,13.4 4 1
24-Testing-Simple-Web-App/cmd/api/api-middleware.go:13.9,15.4 1 1
24-Testing-Simple-Web-App/cmd/api/api-middleware.go:19.70,20.71 1 1
24-Testing-Simple-Web-App/cmd/api/api-middleware.go:20.71,22.17 2 1
24-Testing-Simple-Web-App/cmd/api/api-middleware.go:22.17,25.4 2 1
24-Testing-Simple-Web-App/cmd/api/api-middleware.go:27.3,28.9 2 1
24-Testing-Simple-Web-App/cmd/api/api-routes.go:10.47,19.41 5 1
24-Testing-Simple-Web-App/cmd/api/api-routes.go:19.41,23.3 2 1
24-Testing-Simple-Web-App/cmd/api/api-routes.go:26.2,30.43 3 1
24-Testing-Simple-Web-App/cmd/api/api-routes.go:30.43,38.3 6 1
24-Testing-Simple-Web-App/cmd/api/api-routes.go:40.2,40.12 1 1
24-Testing-Simple-Web-App/cmd/api/auth.go:27.118,37.22 3 1
24-Testing-Simple-Web-App/cmd/api/auth.go:37.22,39.3 1 1
24-Testing-Simple-Web-App/cmd/api/auth.go:42.2,43.27 2 1
24-Testing-Simple-Web-App/cmd/api/auth.go:43.27,45.3 1 1
24-Testing-Simple-Web-App/cmd/api/auth.go:48.2,48.32 1 1
24-Testing-Simple-Web-App/cmd/api/auth.go:48.32,50.3 1 1
24-Testing-Simple-Web-App/cmd/api/auth.go:52.2,58.91 3 1
24-Testing-Simple-Web-App/cmd/api/auth.go:58.91,60.58 1 1
24-Testing-Simple-Web-App/cmd/api/auth.go:60.58,62.4 1 0
24-Testing-Simple-Web-App/cmd/api/auth.go:63.3,63.36 1 1
24-Testing-Simple-Web-App/cmd/api/auth.go:67.2,67.16 1 1
24-Testing-Simple-Web-App/cmd/api/auth.go:67.16,68.60 1 1
24-Testing-Simple-Web-App/cmd/api/auth.go:68.60,70.4 1 1
24-Testing-Simple-Web-App/cmd/api/auth.go:71.3,71.22 1 1
24-Testing-Simple-Web-App/cmd/api/auth.go:75.2,75.33 1 1
24-Testing-Simple-Web-App/cmd/api/auth.go:75.33,77.3 1 1
24-Testing-Simple-Web-App/cmd/api/auth.go:80.2,80.27 1 1
24-Testing-Simple-Web-App/cmd/api/auth.go:83.80,93.23 7 1
24-Testing-Simple-Web-App/cmd/api/auth.go:93.23,95.3 1 1
24-Testing-Simple-Web-App/cmd/api/auth.go:95.8,97.3 1 1
24-Testing-Simple-Web-App/cmd/api/auth.go:100.2,104.16 3 1
24-Testing-Simple-Web-App/cmd/api/auth.go:104.16,106.3 1 0
24-Testing-Simple-Web-App/cmd/api/auth.go:109.2,118.16 6 1
24-Testing-Simple-Web-App/cmd/api/auth.go:118.16,120.3 1 0
24-Testing-Simple-Web-App/cmd/api/auth.go:122.2,127.24 2 1
24-Testing-Simple-Web-App/cmd/api/db.go:12.42,14.16 2 0
24-Testing-Simple-Web-App/cmd/api/db.go:14.16,16.3 1 0
24-Testing-Simple-Web-App/cmd/api/db.go:18.2,19.16 2 0
24-Testing-Simple-Web-App/cmd/api/db.go:19.16,21.3 1 0
24-Testing-Simple-Web-App/cmd/api/db.go:23.2,23.16 1 0
24-Testing-Simple-Web-App/cmd/api/db.go:26.56,28.16 2 0
24-Testing-Simple-Web-App/cmd/api/db.go:28.16,30.3 1 0
24-Testing-Simple-Web-App/cmd/api/db.go:32.2,34.24 2 0
24-Testing-Simple-Web-App/cmd/api/main.go:22.13,30.16 7 0
24-Testing-Simple-Web-App/cmd/api/main.go:30.16,32.3 1 0
24-Testing-Simple-Web-App/cmd/api/main.go:33.2,33.27 1 0
24-Testing-Simple-Web-App/cmd/api/main.go:33.27,35.17 2 0
24-Testing-Simple-Web-App/cmd/api/main.go:35.17,37.4 1 0
24-Testing-Simple-Web-App/cmd/api/main.go:40.2,45.16 4 0
24-Testing-Simple-Web-App/cmd/api/main.go:45.16,47.3 1 0
24-Testing-Simple-Web-App/cmd/api/utilities.go:10.110,15.19 2 1
24-Testing-Simple-Web-App/cmd/api/utilities.go:15.19,20.17 4 1
24-Testing-Simple-Web-App/cmd/api/utilities.go:20.17,22.4 1 0
24-Testing-Simple-Web-App/cmd/api/utilities.go:23.3,23.18 1 1
24-Testing-Simple-Web-App/cmd/api/utilities.go:24.8,27.17 2 1
24-Testing-Simple-Web-App/cmd/api/utilities.go:27.17,29.4 1 0
24-Testing-Simple-Web-App/cmd/api/utilities.go:30.3,30.18 1 1
24-Testing-Simple-Web-App/cmd/api/utilities.go:34.2,39.16 4 1
24-Testing-Simple-Web-App/cmd/api/utilities.go:39.16,41.3 1 0
24-Testing-Simple-Web-App/cmd/api/utilities.go:42.2,42.12 1 1
24-Testing-Simple-Web-App/cmd/api/utilities.go:45.84,47.21 2 1
24-Testing-Simple-Web-App/cmd/api/utilities.go:47.21,49.3 1 1
24-Testing-Simple-Web-App/cmd/api/utilities.go:51.2,59.53 3 1
24-Testing-Simple-Web-App/cmd/api/utilities.go:62.98,70.16 6 1
24-Testing-Simple-Web-App/cmd/api/utilities.go:70.16,72.3 1 1
24-Testing-Simple-Web-App/cmd/api/utilities.go:75.2,76.19 2 1
24-Testing-Simple-Web-App/cmd/api/utilities.go:76.19,78.3 1 0
24-Testing-Simple-Web-App/cmd/api/utilities.go:80.2,80.12 1 1
