mode: set
24-Testing-Simple-Web-App/cmd/web/db.go:12.42,14.16 2 0
24-Testing-Simple-Web-App/cmd/web/db.go:14.16,16.3 1 0
24-Testing-Simple-Web-App/cmd/web/db.go:18.2,19.16 2 0
24-Testing-Simple-Web-App/cmd/web/db.go:19.16,21.3 1 0
24-Testing-Simple-Web-App/cmd/web/db.go:23.2,23.16 1 0
24-Testing-Simple-Web-App/cmd/web/db.go:26.54,29.16 2 0
24-Testing-Simple-Web-App/cmd/web/db.go:29.16,31.3 1 0
24-Testing-Simple-Web-App/cmd/web/db.go:33.2,35.24 2 0
24-Testing-Simple-Web-App/cmd/web/forms.go:15.37,17.2 1 1
24-Testing-Simple-Web-App/cmd/web/forms.go:19.42,21.26 2 1
24-Testing-Simple-Web-App/cmd/web/forms.go:21.26,23.3 1 1
24-Testing-Simple-Web-App/cmd/web/forms.go:24.2,24.22 1 1
24-Testing-Simple-Web-App/cmd/web/forms.go:27.51,29.2 1 1
24-Testing-Simple-Web-App/cmd/web/forms.go:31.38,33.13 2 1
24-Testing-Simple-Web-App/cmd/web/forms.go:33.13,35.3 1 1
24-Testing-Simple-Web-App/cmd/web/forms.go:36.2,36.13 1 1
24-Testing-Simple-Web-App/cmd/web/forms.go:39.42,40.31 1 1
24-Testing-Simple-Web-App/cmd/web/forms.go:40.31,42.37 2 1
24-Testing-Simple-Web-App/cmd/web/forms.go:42.37,44.4 1 1
24-Testing-Simple-Web-App/cmd/web/forms.go:48.51,49.9 1 1
24-Testing-Simple-Web-App/cmd/web/forms.go:49.9,51.3 1 1
24-Testing-Simple-Web-App/cmd/web/forms.go:54.28,56.2 1 1
24-Testing-Simple-Web-App/cmd/web/handlers.go:22.68,25.43 2 1
24-Testing-Simple-Web-App/cmd/web/handlers.go:25.43,28.3 2 1
24-Testing-Simple-Web-App/cmd/web/handlers.go:28.8,30.3 1 1
24-Testing-Simple-Web-App/cmd/web/handlers.go:31.2,31.65 1 1
24-Testing-Simple-Web-App/cmd/web/handlers.go:34.71,37.2 1 0
24-Testing-Simple-Web-App/cmd/web/handlers.go:39.69,41.16 2 1
24-Testing-Simple-Web-App/cmd/web/handlers.go:41.16,45.3 3 0
24-Testing-Simple-Web-App/cmd/web/handlers.go:48.2,51.19 3 1
24-Testing-Simple-Web-App/cmd/web/handlers.go:51.19,55.3 3 1
24-Testing-Simple-Web-App/cmd/web/handlers.go:57.2,61.16 4 1
24-Testing-Simple-Web-App/cmd/web/handlers.go:61.16,65.3 3 1
24-Testing-Simple-Web-App/cmd/web/handlers.go:68.2,68.40 1 1
24-Testing-Simple-Web-App/cmd/web/handlers.go:68.40,72.3 3 1
24-Testing-Simple-Web-App/cmd/web/handlers.go:75.2,79.59 3 1
24-Testing-Simple-Web-App/cmd/web/handlers.go:82.104,85.16 2 1
24-Testing-Simple-Web-App/cmd/web/handlers.go:85.16,88.3 2 1
24-Testing-Simple-Web-App/cmd/web/handlers.go:90.2,96.16 5 1
24-Testing-Simple-Web-App/cmd/web/handlers.go:96.16,98.3 1 0
24-Testing-Simple-Web-App/cmd/web/handlers.go:99.2,99.12 1 1
24-Testing-Simple-Web-App/cmd/web/handlers.go:102.92,103.72 1 1
24-Testing-Simple-Web-App/cmd/web/handlers.go:103.72,105.3 1 1
24-Testing-Simple-Web-App/cmd/web/handlers.go:107.2,108.13 2 1
24-Testing-Simple-Web-App/cmd/web/main.go:23.13,32.16 6 0
24-Testing-Simple-Web-App/cmd/web/main.go:32.16,34.3 1 0
24-Testing-Simple-Web-App/cmd/web/main.go:36.2,36.27 1 0
24-Testing-Simple-Web-App/cmd/web/main.go:36.27,38.17 2 0
24-Testing-Simple-Web-App/cmd/web/main.go:38.17,40.4 1 0
24-Testing-Simple-Web-App/cmd/web/main.go:43.2,57.16 6 0
24-Testing-Simple-Web-App/cmd/web/main.go:57.16,59.3 1 0
24-Testing-Simple-Web-App/cmd/web/middleware.go:14.65,16.2 1 1
24-Testing-Simple-Web-App/cmd/web/middleware.go:18.70,19.82 1 1
24-Testing-Simple-Web-App/cmd/web/middleware.go:19.82,22.17 3 1
24-Testing-Simple-Web-App/cmd/web/middleware.go:22.17,24.20 2 1
24-Testing-Simple-Web-App/cmd/web/middleware.go:24.20,26.5 1 1
24-Testing-Simple-Web-App/cmd/web/middleware.go:27.4,27.66 1 1
24-Testing-Simple-Web-App/cmd/web/middleware.go:28.9,30.4 1 1
24-Testing-Simple-Web-App/cmd/web/middleware.go:31.3,31.51 1 1
24-Testing-Simple-Web-App/cmd/web/middleware.go:35.45,37.16 2 1
24-Testing-Simple-Web-App/cmd/web/middleware.go:37.16,39.3 1 1
24-Testing-Simple-Web-App/cmd/web/middleware.go:41.2,42.19 2 1
24-Testing-Simple-Web-App/cmd/web/middleware.go:42.19,44.3 1 0
24-Testing-Simple-Web-App/cmd/web/middleware.go:46.2,47.22 2 1
24-Testing-Simple-Web-App/cmd/web/middleware.go:47.22,49.3 1 0
24-Testing-Simple-Web-App/cmd/web/middleware.go:51.2,51.18 1 1
24-Testing-Simple-Web-App/cmd/web/middleware.go:51.18,53.3 1 0
24-Testing-Simple-Web-App/cmd/web/middleware.go:55.2,55.16 1 1
24-Testing-Simple-Web-App/cmd/web/middleware.go:58.60,59.71 1 1
24-Testing-Simple-Web-App/cmd/web/middleware.go:59.71,60.45 1 1
24-Testing-Simple-Web-App/cmd/web/middleware.go:60.45,64.4 3 1
24-Testing-Simple-Web-App/cmd/web/middleware.go:65.3,65.23 1 1
24-Testing-Simple-Web-App/cmd/web/routes.go:10.45,22.42 7 1
24-Testing-Simple-Web-App/cmd/web/routes.go:22.42,25.3 2 1
24-Testing-Simple-Web-App/cmd/web/routes.go:28.2,31.12 3 1
24-Testing-Simple-Web-App/cmd/web/sessions.go:10.39,18.2 6 1
